<?xml version="1.0" encoding="UTF-8"?>
<testng-results ignored="0" total="1" passed="1" failed="0" skipped="0">
  <reporter-output>
  </reporter-output>
  <suite started-at="2023-04-18T16:22:59 ICT" name="Default suite" finished-at="2023-04-18T16:23:11 ICT" duration-ms="11866">
    <groups>
    </groups>
    <test started-at="2023-04-18T16:22:59 ICT" name="Default test" finished-at="2023-04-18T16:23:11 ICT" duration-ms="11866">
      <class name="Test_TestNG.Fc_Register">
        <test-method is-config="true" signature="beforeTest()[pri:0, instance:Test_TestNG.Fc_Register@272ed83b]" started-at="2023-04-18T16:22:59 ICT" name="beforeTest" finished-at="2023-04-18T16:23:01 ICT" duration-ms="1283" status="PASS">
          <reporter-output>
          </reporter-output>
        </test-method> <!-- beforeTest -->
        <test-method signature="leave_blank()[pri:1, instance:Test_TestNG.Fc_Register@272ed83b]" started-at="2023-04-18T16:23:01 ICT" name="leave_blank" finished-at="2023-04-18T16:23:09 ICT" duration-ms="8356" status="PASS">
          <reporter-output>
          </reporter-output>
        </test-method> <!-- leave_blank -->
        <test-method is-config="true" signature="afterTest()[pri:0, instance:Test_TestNG.Fc_Register@272ed83b]" started-at="2023-04-18T16:23:09 ICT" name="afterTest" finished-at="2023-04-18T16:23:11 ICT" duration-ms="2199" status="PASS">
          <reporter-output>
          </reporter-output>
        </test-method> <!-- afterTest -->
      </class> <!-- Test_TestNG.Fc_Register -->
    </test> <!-- Default test -->
  </suite> <!-- Default suite -->
</testng-results>
